Using pre-set license
Built from '2020.3/staging' branch; Version is '2020.3.18f1 (a7d1c678663c) revision 10998214'; Using compiler version '192528614'; Build Type 'Release'
OS: 'Windows 10 Enterprise; OS build 19042.1237; Version 2009; 64bit' Language: 'en' Physical Memory: 16274 MB
BatchMode: 1, IsHumanControllingUs: 0, StartBugReporterOnCrash: 0, Is64bit: 1, IsPro: 0

COMMAND LINE ARGUMENTS:
D:\2020.3.18f1\Editor\Unity.exe
-adb2
-batchMode
-noUpm
-name
AssetImportWorker0
-projectPath
D:/SimaoDEEC/HTPlayground/Bucket
-logFile
Logs/AssetImportWorker0.log
-srvPort
62323
Successfully changed project path to: D:/SimaoDEEC/HTPlayground/Bucket
D:/SimaoDEEC/HTPlayground/Bucket
Using Asset Import Pipeline V2.
Refreshing native plugins compatible for Editor in 44.07 ms, found 3 plugins.
Preloading 0 native plugins for Editor in 0.00 ms.
Initialize engine version: 2020.3.18f1 (a7d1c678663c)
[Subsystems] Discovering subsystems at path D:/2020.3.18f1/Editor/Data/Resources/UnitySubsystems
[Subsystems] Discovering subsystems at path D:/SimaoDEEC/HTPlayground/Bucket/Assets
GfxDevice: creating device client; threaded=0
Direct3D:
    Version:  Direct3D 11.0 [level 11.1]
    Renderer: NVIDIA GeForce GTX 1080 (ID=0x1b80)
    Vendor:   
    VRAM:     8079 MB
    Driver:   27.21.14.5671
Initialize mono
Mono path[0] = 'D:/2020.3.18f1/Editor/Data/Managed'
Mono path[1] = 'D:/2020.3.18f1/Editor/Data/MonoBleedingEdge/lib/mono/unityjit'
Mono config path = 'D:/2020.3.18f1/Editor/Data/MonoBleedingEdge/etc'
Using monoOptions --debugger-agent=transport=dt_socket,embedding=1,server=y,suspend=n,address=127.0.0.1:56784
Begin MonoManager ReloadAssembly
Registering precompiled unity dll's ...
Register platform support module: D:/2020.3.18f1/Editor/Data/PlaybackEngines/WindowsStandaloneSupport/UnityEditor.WindowsStandalone.Extensions.dll
Registered in 0.001050 seconds.
Native extension for WindowsStandalone target not found
Refreshing native plugins compatible for Editor in 45.72 ms, found 3 plugins.
Preloading 0 native plugins for Editor in 0.00 ms.
Mono: successfully reloaded assembly
- Completed reload, in  0.947 seconds
Domain Reload Profiling:
	ReloadAssembly (948ms)
		BeginReloadAssembly (49ms)
			ExecutionOrderSort (0ms)
			DisableScriptedObjects (0ms)
			BackupInstance (0ms)
			ReleaseScriptingObjects (0ms)
			CreateAndSetChildDomain (1ms)
		EndReloadAssembly (462ms)
			LoadAssemblies (49ms)
			RebuildTransferFunctionScriptingTraits (0ms)
			SetupTypeCache (158ms)
			ReleaseScriptCaches (0ms)
			RebuildScriptCaches (32ms)
			SetupLoadedEditorAssemblies (183ms)
				LogAssemblyErrors (0ms)
				InitializePlatformSupportModulesInManaged (4ms)
				SetLoadedEditorAssemblies (0ms)
				RefreshPlugins (46ms)
				BeforeProcessingInitializeOnLoad (13ms)
				ProcessInitializeOnLoadAttributes (89ms)
				ProcessInitializeOnLoadMethodAttributes (30ms)
				AfterProcessingInitializeOnLoad (0ms)
				EditorAssembliesLoaded (0ms)
			ExecutionOrderSort2 (0ms)
			AwakeInstancesAfterBackupRestoration (0ms)
Platform modules already initialized, skipping
Registering precompiled user dll's ...
Registered in 0.002879 seconds.
Begin MonoManager ReloadAssembly
Native extension for WindowsStandalone target not found
Refreshing native plugins compatible for Editor in 0.73 ms, found 3 plugins.
Preloading 0 native plugins for Editor in 0.00 ms.
Mono: successfully reloaded assembly
- Completed reload, in  1.052 seconds
Domain Reload Profiling:
	ReloadAssembly (1053ms)
		BeginReloadAssembly (145ms)
			ExecutionOrderSort (0ms)
			DisableScriptedObjects (5ms)
			BackupInstance (0ms)
			ReleaseScriptingObjects (0ms)
			CreateAndSetChildDomain (18ms)
		EndReloadAssembly (848ms)
			LoadAssemblies (83ms)
			RebuildTransferFunctionScriptingTraits (0ms)
			SetupTypeCache (290ms)
			ReleaseScriptCaches (0ms)
			RebuildScriptCaches (48ms)
			SetupLoadedEditorAssemblies (332ms)
				LogAssemblyErrors (0ms)
				InitializePlatformSupportModulesInManaged (5ms)
				SetLoadedEditorAssemblies (1ms)
				RefreshPlugins (1ms)
				BeforeProcessingInitializeOnLoad (81ms)
				ProcessInitializeOnLoadAttributes (237ms)
				ProcessInitializeOnLoadMethodAttributes (5ms)
				AfterProcessingInitializeOnLoad (2ms)
				EditorAssembliesLoaded (0ms)
			ExecutionOrderSort2 (0ms)
			AwakeInstancesAfterBackupRestoration (7ms)
Platform modules already initialized, skipping
========================================================================
Worker process is ready to serve import requests
Launched and connected shader compiler UnityShaderCompiler.exe after 0.08 seconds
Refreshing native plugins compatible for Editor in 0.53 ms, found 3 plugins.
Preloading 0 native plugins for Editor in 0.00 ms.
Unloading 1763 Unused Serialized files (Serialized files now loaded: 0)
System memory in use before: 79.4 MB.
System memory in use after: 79.5 MB.

Unloading 18 unused Assets to reduce memory usage. Loaded Objects now: 2200.
Total: 2.995400 ms (FindLiveObjects: 0.167000 ms CreateObjectMapping: 0.052300 ms MarkObjects: 2.663400 ms  DeleteObjects: 0.111900 ms)

AssetImportParameters requested are different than current active one (requested -> active):
  custom:framework-win-MediaFoundation: 216162199b28c13a410421893ffa2e32 -> 
  custom:video-decoder-ogg-theora: a1e56fd34408186e4bbccfd4996cb3dc -> 
  custom:container-muxer-webm: aa71ff27fc2769a1b78a27578f13a17b -> 
  custom:container-demuxer-webm: 4f35f7cbe854078d1ac9338744f61a02 -> 
  custom:container-demuxer-ogg: 62fdf1f143b41e24485cea50d1cbac27 -> 
  custom:video-encoder-webm-vp8: eb34c28f22e8b96e1ab97ce403110664 -> 
  custom:video-codec-MediaFoundation-h265: 746d11721c4dcdbdad8f713fa42b33f4 -> 
  custom:video-decoder-webm-vp8: 9c59270c3fd7afecdb556c50c9e8de78 -> 
  custom:audio-decoder-ogg-vorbis: bf7c407c2cedff20999df2af8eb42d56 -> 
  custom:audio-encoder-webm-vorbis: bf7c407c2cedff20999df2af8eb42d56 -> 
========================================================================
Received Import Request.
  path: Assets/Plugins/LeapMotion
  artifactKey: Guid(aa623342d89b78f47b01580cc2710fdf) Importer(815301076,1909f56bfc062723c751e8b465ee728b)
Start importing Assets/Plugins/LeapMotion using Guid(aa623342d89b78f47b01580cc2710fdf) Importer(815301076,1909f56bfc062723c751e8b465ee728b)  -> (artifact id: '836bed5be5f9fa59345a7e18173a67ac') in 0.007955 seconds 
  Import took 0.011094 seconds .

========================================================================
Received Import Request.
  Time since last request: 0.000260 seconds.
  path: Assets/Plugins
  artifactKey: Guid(d22d8b7344fcd434fa6a029230b1e67c) Importer(815301076,1909f56bfc062723c751e8b465ee728b)
Start importing Assets/Plugins using Guid(d22d8b7344fcd434fa6a029230b1e67c) Importer(815301076,1909f56bfc062723c751e8b465ee728b)  -> (artifact id: '669d11b8efc9d60e813fd84102b9fcc3') in 0.006704 seconds 
  Import took 0.009895 seconds .

========================================================================
Received Import Request.
  Time since last request: 0.000236 seconds.
  path: Assets/Plugins/LeapMotion/Modules
  artifactKey: Guid(65e4532267cb4624e8a29b3716eea366) Importer(815301076,1909f56bfc062723c751e8b465ee728b)
Start importing Assets/Plugins/LeapMotion/Modules using Guid(65e4532267cb4624e8a29b3716eea366) Importer(815301076,1909f56bfc062723c751e8b465ee728b)  -> (artifact id: '985ebde168ea8ab9b713c46995809326') in 0.007274 seconds 
  Import took 0.010442 seconds .

========================================================================
Received Import Request.
  Time since last request: 2.023254 seconds.
  path: Assets/Plugins/LeapMotion/Modules/InteractionEngine
  artifactKey: Guid(8f7fe8bca53149c49a18181dc157cb74) Importer(815301076,1909f56bfc062723c751e8b465ee728b)
Start importing Assets/Plugins/LeapMotion/Modules/InteractionEngine using Guid(8f7fe8bca53149c49a18181dc157cb74) Importer(815301076,1909f56bfc062723c751e8b465ee728b)  -> (artifact id: '08bd5e111422495518f984cdb81dd0aa') in 0.007801 seconds 
  Import took 0.011120 seconds .

========================================================================
Received Import Request.
  Time since last request: 3.137505 seconds.
  path: Assets/Plugins/LeapMotion/Modules/InteractionEngine/Examples
  artifactKey: Guid(29f9dfaebdc0f19448981063f055e922) Importer(815301076,1909f56bfc062723c751e8b465ee728b)
Start importing Assets/Plugins/LeapMotion/Modules/InteractionEngine/Examples using Guid(29f9dfaebdc0f19448981063f055e922) Importer(815301076,1909f56bfc062723c751e8b465ee728b)  -> (artifact id: '18498481e1e2f292a8a40efec9bc12d3') in 0.005825 seconds 
  Import took 0.009095 seconds .

========================================================================
Received Import Request.
  Time since last request: 81.608780 seconds.
  path: Assets/Plugins/LeapMotion/Core
  artifactKey: Guid(7763a30277d0c1c448026a33fb273c2d) Importer(815301076,1909f56bfc062723c751e8b465ee728b)
Start importing Assets/Plugins/LeapMotion/Core using Guid(7763a30277d0c1c448026a33fb273c2d) Importer(815301076,1909f56bfc062723c751e8b465ee728b)  -> (artifact id: '19459d640ec7544acf96c117c0e6bfec') in 0.007243 seconds 
  Import took 0.010693 seconds .

========================================================================
Received Import Request.
  Time since last request: 7.548750 seconds.
  path: Assets/Plugins/LeapMotion/Core/Tests
  artifactKey: Guid(1661a2283902ca24381a4087d250fa9f) Importer(815301076,1909f56bfc062723c751e8b465ee728b)
Start importing Assets/Plugins/LeapMotion/Core/Tests using Guid(1661a2283902ca24381a4087d250fa9f) Importer(815301076,1909f56bfc062723c751e8b465ee728b)  -> (artifact id: '0d8d60fe756c1b0c4561a3e93a36e516') in 0.006467 seconds 
  Import took 0.009575 seconds .

========================================================================
Received Import Request.
  Time since last request: 12.783001 seconds.
  path: Assets/Plugins/LeapMotion/Core/Editor
  artifactKey: Guid(79454d2f2ff633a41a7c3c30a3d3d2aa) Importer(815301076,1909f56bfc062723c751e8b465ee728b)
Start importing Assets/Plugins/LeapMotion/Core/Editor using Guid(79454d2f2ff633a41a7c3c30a3d3d2aa) Importer(815301076,1909f56bfc062723c751e8b465ee728b)  -> (artifact id: 'c78404190ea19818942b1cfaad730dd3') in 0.005759 seconds 
  Import took 0.008962 seconds .

========================================================================
Received Import Request.
  Time since last request: 33.624325 seconds.
  path: Assets/Plugins/LeapMotion/Core/readme.txt
  artifactKey: Guid(74391854670564434b78361a63543d88) Importer(815301076,1909f56bfc062723c751e8b465ee728b)
Start importing Assets/Plugins/LeapMotion/Core/readme.txt using Guid(74391854670564434b78361a63543d88) Importer(815301076,1909f56bfc062723c751e8b465ee728b)  -> (artifact id: '92eb265096be0245aabdeeaea8b0e150') in 0.061180 seconds 
  Import took 0.063692 seconds .

========================================================================
Received Import Request.
  Time since last request: 12.335982 seconds.
  path: Assets/Plugins/LeapMotion/Core/README_BEFORE_UPDATING.txt
  artifactKey: Guid(d448acc1992c34d13a211458f99e3ed2) Importer(815301076,1909f56bfc062723c751e8b465ee728b)
Start importing Assets/Plugins/LeapMotion/Core/README_BEFORE_UPDATING.txt using Guid(d448acc1992c34d13a211458f99e3ed2) Importer(815301076,1909f56bfc062723c751e8b465ee728b)  -> (artifact id: 'cab5f046e39725fa3490b4053c930e3a') in 0.007313 seconds 
  Import took 0.010272 seconds .

========================================================================
Received Import Request.
  Time since last request: 21.324034 seconds.
  path: Assets/Plugins/LeapMotion/Core/Version.txt
  artifactKey: Guid(1037130d4032447199439bf79dcd7554) Importer(815301076,1909f56bfc062723c751e8b465ee728b)
Start importing Assets/Plugins/LeapMotion/Core/Version.txt using Guid(1037130d4032447199439bf79dcd7554) Importer(815301076,1909f56bfc062723c751e8b465ee728b)  -> (artifact id: '72c8a866c5cf978f130c11891d6393ea') in 0.005888 seconds 
  Import took 0.009040 seconds .

========================================================================
Received Import Request.
  Time since last request: 1.742749 seconds.
  path: Assets/Plugins/LeapMotion/Core/Shaders
  artifactKey: Guid(c4f0562947a724443816c27f8820bca6) Importer(815301076,1909f56bfc062723c751e8b465ee728b)
Start importing Assets/Plugins/LeapMotion/Core/Shaders using Guid(c4f0562947a724443816c27f8820bca6) Importer(815301076,1909f56bfc062723c751e8b465ee728b)  -> (artifact id: '08ceadf0f24976e9b89802bc00b78a9d') in 0.005607 seconds 
  Import took 0.008826 seconds .

========================================================================
Received Import Request.
  Time since last request: 0.508921 seconds.
  path: Assets/Plugins/LeapMotion/Core/Scripts
  artifactKey: Guid(f0184ae436e79b5439bf1912d7cb0a1e) Importer(815301076,1909f56bfc062723c751e8b465ee728b)
Start importing Assets/Plugins/LeapMotion/Core/Scripts using Guid(f0184ae436e79b5439bf1912d7cb0a1e) Importer(815301076,1909f56bfc062723c751e8b465ee728b)  -> (artifact id: '74a78827500972dad323c32cc5af1e33') in 0.005722 seconds 
  Import took 0.009207 seconds .

========================================================================
Received Import Request.
  Time since last request: 0.960965 seconds.
  path: Assets/Plugins/LeapMotion/Core/Resources
  artifactKey: Guid(7d28e5bde8e5bcb4ab7a3946e4ab746e) Importer(815301076,1909f56bfc062723c751e8b465ee728b)
Start importing Assets/Plugins/LeapMotion/Core/Resources using Guid(7d28e5bde8e5bcb4ab7a3946e4ab746e) Importer(815301076,1909f56bfc062723c751e8b465ee728b)  -> (artifact id: '2356355cc09b540975e74c8dc35a7c13') in 0.005668 seconds 
  Import took 0.008530 seconds .

========================================================================
Received Import Request.
  Time since last request: 0.375014 seconds.
  path: Assets/Plugins/LeapMotion/Core/Prefabs
  artifactKey: Guid(e85895e08609b184bbfa1c584b41d27b) Importer(815301076,1909f56bfc062723c751e8b465ee728b)
Start importing Assets/Plugins/LeapMotion/Core/Prefabs using Guid(e85895e08609b184bbfa1c584b41d27b) Importer(815301076,1909f56bfc062723c751e8b465ee728b)  -> (artifact id: '62a1f3651ac949b9c4e91e3712a99049') in 0.005246 seconds 
  Import took 0.008424 seconds .

========================================================================
Received Import Request.
  Time since last request: 0.767274 seconds.
  path: Assets/Plugins/LeapMotion/Core/Prefabs/Attachment Hands.prefab
  artifactKey: Guid(80001c6c93c5068488198a82e151e3ff) Importer(815301076,1909f56bfc062723c751e8b465ee728b)
Start importing Assets/Plugins/LeapMotion/Core/Prefabs/Attachment Hands.prefab using Guid(80001c6c93c5068488198a82e151e3ff) Importer(815301076,1909f56bfc062723c751e8b465ee728b)  -> (artifact id: 'ae550040411dcbc924356d8fd4940afb') in 0.022186 seconds 
  Import took 0.025179 seconds .

========================================================================
Received Import Request.
  Time since last request: 0.000354 seconds.
  path: Assets/Plugins/LeapMotion/Core/Prefabs/Leap Rig.prefab
  artifactKey: Guid(dae2e2be31c98324eac460f702db97e9) Importer(815301076,1909f56bfc062723c751e8b465ee728b)
Start importing Assets/Plugins/LeapMotion/Core/Prefabs/Leap Rig.prefab using Guid(dae2e2be31c98324eac460f702db97e9) Importer(815301076,1909f56bfc062723c751e8b465ee728b)  -> (artifact id: '7f26976e719f1d3353120e88d0060e11') in 0.023644 seconds 
  Import took 0.026401 seconds .

========================================================================
Received Import Request.
  Time since last request: 0.000371 seconds.
  path: Assets/Plugins/LeapMotion/Core/Prefabs/LeapHandController.prefab
  artifactKey: Guid(b9c7aaf0d314cb847a3b2a20e893f1b6) Importer(815301076,1909f56bfc062723c751e8b465ee728b)
Start importing Assets/Plugins/LeapMotion/Core/Prefabs/LeapHandController.prefab using Guid(b9c7aaf0d314cb847a3b2a20e893f1b6) Importer(815301076,1909f56bfc062723c751e8b465ee728b)  -> (artifact id: '7f0a8166841721667c4667dbd5257857') in 0.013651 seconds 
  Import took 0.016640 seconds .

========================================================================
Received Import Request.
  Time since last request: 2.274981 seconds.
  path: Assets/Plugins/LeapMotion/Core/Prefabs/HandModelsNonHuman
  artifactKey: Guid(bb156f44b67c6fd4381811edec392428) Importer(815301076,1909f56bfc062723c751e8b465ee728b)
Start importing Assets/Plugins/LeapMotion/Core/Prefabs/HandModelsNonHuman using Guid(bb156f44b67c6fd4381811edec392428) Importer(815301076,1909f56bfc062723c751e8b465ee728b)  -> (artifact id: '6715c972f1a15d877217b51bc8b08712') in 0.005449 seconds 
  Import took 0.008493 seconds .

========================================================================
Received Import Request.
  Time since last request: 0.055358 seconds.
  path: Assets/Plugins/LeapMotion/Core/Prefabs/HandModelsNonHuman/Capsule Hand Left.prefab
  artifactKey: Guid(869d20cdda15af24aab9e72b5f2eec78) Importer(815301076,1909f56bfc062723c751e8b465ee728b)
Start importing Assets/Plugins/LeapMotion/Core/Prefabs/HandModelsNonHuman/Capsule Hand Left.prefab using Guid(869d20cdda15af24aab9e72b5f2eec78) Importer(815301076,1909f56bfc062723c751e8b465ee728b)  -> (artifact id: '1ed0f308e04fb74ceb1f6bc2ba798864') in 0.006911 seconds 
  Import took 0.010591 seconds .

========================================================================
Received Import Request.
  Time since last request: 0.000252 seconds.
  path: Assets/Plugins/LeapMotion/Core/Prefabs/HandModelsNonHuman/LoPoly Rigged Hand Right.prefab
  artifactKey: Guid(2276723046d707c4f94d431ceb80ab92) Importer(815301076,1909f56bfc062723c751e8b465ee728b)
Start importing Assets/Plugins/LeapMotion/Core/Prefabs/HandModelsNonHuman/LoPoly Rigged Hand Right.prefab using Guid(2276723046d707c4f94d431ceb80ab92) Importer(815301076,1909f56bfc062723c751e8b465ee728b)  -> (artifact id: 'f29895898c52105590039ed63192d5cc') in 0.309498 seconds 
  Import took 0.312363 seconds .

========================================================================
Received Import Request.
  Time since last request: 0.000214 seconds.
  path: Assets/Plugins/LeapMotion/Core/Prefabs/HandModelsNonHuman/DebugHand.prefab
  artifactKey: Guid(e98e2c2cadb464c9892b9e4d60d61f6f) Importer(815301076,1909f56bfc062723c751e8b465ee728b)
Start importing Assets/Plugins/LeapMotion/Core/Prefabs/HandModelsNonHuman/DebugHand.prefab using Guid(e98e2c2cadb464c9892b9e4d60d61f6f) Importer(815301076,1909f56bfc062723c751e8b465ee728b)  -> (artifact id: '2bd48dbc847dbe82b2aa1d2379aa2f3d') in 0.008977 seconds 
  Import took 0.011738 seconds .

========================================================================
Received Import Request.
  Time since last request: 0.000263 seconds.
  path: Assets/Plugins/LeapMotion/Core/Prefabs/HandModelsNonHuman/Capsule Hand Right.prefab
  artifactKey: Guid(39d18871c11b53c4082d8202e3db68a3) Importer(815301076,1909f56bfc062723c751e8b465ee728b)
Start importing Assets/Plugins/LeapMotion/Core/Prefabs/HandModelsNonHuman/Capsule Hand Right.prefab using Guid(39d18871c11b53c4082d8202e3db68a3) Importer(815301076,1909f56bfc062723c751e8b465ee728b)  -> (artifact id: 'fa660e99fc2584adc3d553837b29ca1a') in 0.009935 seconds 
  Import took 0.012967 seconds .

========================================================================
Received Import Request.
  Time since last request: 0.000213 seconds.
  path: Assets/Plugins/LeapMotion/Core/Prefabs/HandModelsNonHuman/LoPoly Rigged Hand Left.prefab
  artifactKey: Guid(2aa010a1e75292e49a24f3f71bb9cddb) Importer(815301076,1909f56bfc062723c751e8b465ee728b)
Start importing Assets/Plugins/LeapMotion/Core/Prefabs/HandModelsNonHuman/LoPoly Rigged Hand Left.prefab using Guid(2aa010a1e75292e49a24f3f71bb9cddb) Importer(815301076,1909f56bfc062723c751e8b465ee728b)  -> (artifact id: 'b10c4fd46a7b4c2ce0cc5930ad1cac03') in 0.024063 seconds 
  Import took 0.026960 seconds .

========================================================================
Received Import Request.
  Time since last request: 9.867437 seconds.
  path: Assets/Plugins/LeapMotion/Core/Resources/LeapCG.cginc
  artifactKey: Guid(5f1492716beca3f40b678b224ee39e9e) Importer(815301076,1909f56bfc062723c751e8b465ee728b)
Start importing Assets/Plugins/LeapMotion/Core/Resources/LeapCG.cginc using Guid(5f1492716beca3f40b678b224ee39e9e) Importer(815301076,1909f56bfc062723c751e8b465ee728b)  -> (artifact id: '9811c6c415f017f589df0de915d30c5f') in 0.008513 seconds 
  Import took 0.012452 seconds .

========================================================================
Received Import Request.
  Time since last request: 7.705085 seconds.
  path: Assets/Plugins/LeapMotion/Modules/Hands/Models
  artifactKey: Guid(82c0ff55e49b61a4082d0c51135a5840) Importer(815301076,1909f56bfc062723c751e8b465ee728b)
Start importing Assets/Plugins/LeapMotion/Modules/Hands/Models using Guid(82c0ff55e49b61a4082d0c51135a5840) Importer(815301076,1909f56bfc062723c751e8b465ee728b)  -> (artifact id: 'a221e8b550dc63aae1f0f05c124c8b8a') in 0.005764 seconds 
  Import took 0.009265 seconds .

========================================================================
Received Import Request.
  Time since last request: 0.632533 seconds.
  path: Assets/Plugins/LeapMotion/Modules/Hands/Models/LeapReferenceHand.fbx
  artifactKey: Guid(61ff45a45c97aa040b65877017d51fc8) Importer(815301076,1909f56bfc062723c751e8b465ee728b)
Start importing Assets/Plugins/LeapMotion/Modules/Hands/Models/LeapReferenceHand.fbx using Guid(61ff45a45c97aa040b65877017d51fc8) Importer(815301076,1909f56bfc062723c751e8b465ee728b)  -> (artifact id: 'b59e96c1a6af30afaa4bf48a318bf83d') in 0.059089 seconds 
  Import took 0.062280 seconds .

========================================================================
Received Import Request.
  Time since last request: 7.887961 seconds.
  path: Assets/Plugins/LeapMotion/Modules/Hands/Models/GenericHand
  artifactKey: Guid(f86fb559827f50e4ab6428ba50786047) Importer(815301076,1909f56bfc062723c751e8b465ee728b)
Start importing Assets/Plugins/LeapMotion/Modules/Hands/Models/GenericHand using Guid(f86fb559827f50e4ab6428ba50786047) Importer(815301076,1909f56bfc062723c751e8b465ee728b)  -> (artifact id: '78a9f91dc4785378f0b1bdaac6873d82') in 0.006580 seconds 
  Import took 0.010108 seconds .

========================================================================
Received Import Request.
  Time since last request: 0.076791 seconds.
  path: Assets/Plugins/LeapMotion/Modules/Hands/Models/GenericHand/GenericHand.fbx
  artifactKey: Guid(4577231256ebec149ac8882d93c98cda) Importer(815301076,1909f56bfc062723c751e8b465ee728b)
Start importing Assets/Plugins/LeapMotion/Modules/Hands/Models/GenericHand/GenericHand.fbx using Guid(4577231256ebec149ac8882d93c98cda) Importer(815301076,1909f56bfc062723c751e8b465ee728b)  -> (artifact id: '2ab700516916e24beff68f7b49146bf6') in 0.284143 seconds 
  Import took 0.287703 seconds .

========================================================================
Received Import Request.
  Time since last request: 0.000325 seconds.
  path: Assets/Plugins/LeapMotion/Modules/Hands/Models/GenericHand/Outline.mat
  artifactKey: Guid(205eb13c26243634c9e71c8adc6440b7) Importer(815301076,1909f56bfc062723c751e8b465ee728b)
Start importing Assets/Plugins/LeapMotion/Modules/Hands/Models/GenericHand/Outline.mat using Guid(205eb13c26243634c9e71c8adc6440b7) Importer(815301076,1909f56bfc062723c751e8b465ee728b)  -> (artifact id: '61018b9fe493efd45f4f33478a1c4c0c') in 0.040395 seconds 
  Import took 0.043518 seconds .

========================================================================
Received Import Request.
  Time since last request: 0.000219 seconds.
  path: Assets/Plugins/LeapMotion/Modules/Hands/Models/GenericHand/GenericHandTransparencyMap.png
  artifactKey: Guid(e911cba1eec0c364681095f165f68321) Importer(815301076,1909f56bfc062723c751e8b465ee728b)
Start importing Assets/Plugins/LeapMotion/Modules/Hands/Models/GenericHand/GenericHandTransparencyMap.png using Guid(e911cba1eec0c364681095f165f68321) Importer(815301076,1909f56bfc062723c751e8b465ee728b)  -> (artifact id: '5e29d49c4ceae9fbf4a6909aae798603') in 0.021799 seconds 
  Import took 0.024596 seconds .

========================================================================
Received Import Request.
  Time since last request: 0.000216 seconds.
  path: Assets/Plugins/LeapMotion/Modules/Hands/Models/GenericHand/Ghost Hand.mat
  artifactKey: Guid(4c1d8de22955e4a4c8dda3f54365517d) Importer(815301076,1909f56bfc062723c751e8b465ee728b)
Start importing Assets/Plugins/LeapMotion/Modules/Hands/Models/GenericHand/Ghost Hand.mat using Guid(4c1d8de22955e4a4c8dda3f54365517d) Importer(815301076,1909f56bfc062723c751e8b465ee728b)  -> (artifact id: '7744d341d7e5b2798434223e286975f6') in 0.019635 seconds 
  Import took 0.022735 seconds .

========================================================================
Received Prepare
Registering precompiled user dll's ...
Registered in 0.002780 seconds.
Begin MonoManager ReloadAssembly
Native extension for WindowsStandalone target not found
Refreshing native plugins compatible for Editor in 0.55 ms, found 3 plugins.
Preloading 0 native plugins for Editor in 0.00 ms.
Mono: successfully reloaded assembly
- Completed reload, in  1.163 seconds
Domain Reload Profiling:
	ReloadAssembly (1164ms)
		BeginReloadAssembly (122ms)
			ExecutionOrderSort (0ms)
			DisableScriptedObjects (4ms)
			BackupInstance (0ms)
			ReleaseScriptingObjects (0ms)
			CreateAndSetChildDomain (40ms)
		EndReloadAssembly (971ms)
			LoadAssemblies (97ms)
			RebuildTransferFunctionScriptingTraits (0ms)
			SetupTypeCache (357ms)
			ReleaseScriptCaches (1ms)
			RebuildScriptCaches (59ms)
			SetupLoadedEditorAssemblies (337ms)
				LogAssemblyErrors (0ms)
				InitializePlatformSupportModulesInManaged (6ms)
				SetLoadedEditorAssemblies (1ms)
				RefreshPlugins (1ms)
				BeforeProcessingInitializeOnLoad (103ms)
				ProcessInitializeOnLoadAttributes (218ms)
				ProcessInitializeOnLoadMethodAttributes (6ms)
				AfterProcessingInitializeOnLoad (3ms)
				EditorAssembliesLoaded (0ms)
			ExecutionOrderSort2 (0ms)
			AwakeInstancesAfterBackupRestoration (8ms)
Platform modules already initialized, skipping
Refreshing native plugins compatible for Editor in 0.69 ms, found 3 plugins.
Preloading 0 native plugins for Editor in 0.00 ms.
Unloading 1750 Unused Serialized files (Serialized files now loaded: 0)
System memory in use before: 95.7 MB.
System memory in use after: 95.8 MB.

Unloading 13 unused Assets to reduce memory usage. Loaded Objects now: 2247.
Total: 3.078100 ms (FindLiveObjects: 0.188200 ms CreateObjectMapping: 0.064800 ms MarkObjects: 2.804100 ms  DeleteObjects: 0.019600 ms)

AssetImportParameters requested are different than current active one (requested -> active):
  custom:framework-win-MediaFoundation: 216162199b28c13a410421893ffa2e32 -> 
  custom:video-decoder-ogg-theora: a1e56fd34408186e4bbccfd4996cb3dc -> 
  custom:container-muxer-webm: aa71ff27fc2769a1b78a27578f13a17b -> 
  custom:container-demuxer-webm: 4f35f7cbe854078d1ac9338744f61a02 -> 
  custom:container-demuxer-ogg: 62fdf1f143b41e24485cea50d1cbac27 -> 
  custom:video-encoder-webm-vp8: eb34c28f22e8b96e1ab97ce403110664 -> 
  custom:video-codec-MediaFoundation-h265: 746d11721c4dcdbdad8f713fa42b33f4 -> 
  custom:video-decoder-webm-vp8: 9c59270c3fd7afecdb556c50c9e8de78 -> 
  custom:audio-decoder-ogg-vorbis: bf7c407c2cedff20999df2af8eb42d56 -> 
  custom:audio-encoder-webm-vorbis: bf7c407c2cedff20999df2af8eb42d56 -> 
========================================================================
Received Import Request.
  Time since last request: 140.724207 seconds.
  path: Assets/Plugins/LeapMotion/Modules/InteractionEngine/Plugins
  artifactKey: Guid(c42f6d1390c6fd540a175563ddba4818) Importer(815301076,1909f56bfc062723c751e8b465ee728b)
Start importing Assets/Plugins/LeapMotion/Modules/InteractionEngine/Plugins using Guid(c42f6d1390c6fd540a175563ddba4818) Importer(815301076,1909f56bfc062723c751e8b465ee728b)  -> (artifact id: '82a6dbaad5d0043aa96b2ed4d6d16ddd') in 0.004972 seconds 
  Import took 0.008792 seconds .

========================================================================
Received Import Request.
  Time since last request: 6.854757 seconds.
  path: Assets/Plugins/LeapMotion/Modules/InteractionEngine/Examples/1. Interaction Objects
  artifactKey: Guid(583ee74ea3ce66e47baf315c88c8d49e) Importer(815301076,1909f56bfc062723c751e8b465ee728b)
Start importing Assets/Plugins/LeapMotion/Modules/InteractionEngine/Examples/1. Interaction Objects using Guid(583ee74ea3ce66e47baf315c88c8d49e) Importer(815301076,1909f56bfc062723c751e8b465ee728b)  -> (artifact id: '4033b2f053fd9607a9ecce4610c2d5fa') in 0.005953 seconds 
  Import took 0.010335 seconds .

========================================================================
Received Import Request.
  Time since last request: 2.699530 seconds.
  path: Assets/Plugins/LeapMotion/Modules/InteractionEngine/Examples/1. Interaction Objects/Interaction Objects.unity
  artifactKey: Guid(017ace9491c55584a93fb1551e5b4db9) Importer(815301076,1909f56bfc062723c751e8b465ee728b)
Start importing Assets/Plugins/LeapMotion/Modules/InteractionEngine/Examples/1. Interaction Objects/Interaction Objects.unity using Guid(017ace9491c55584a93fb1551e5b4db9) Importer(815301076,1909f56bfc062723c751e8b465ee728b)  -> (artifact id: '86b56aa5ec452d7cd3ad02a75de06d96') in 0.013122 seconds 
  Import took 0.016351 seconds .

========================================================================
Received Prepare
Registering precompiled user dll's ...
Registered in 0.002276 seconds.
Begin MonoManager ReloadAssembly
Native extension for WindowsStandalone target not found
Refreshing native plugins compatible for Editor in 0.69 ms, found 3 plugins.
Preloading 0 native plugins for Editor in 0.00 ms.
Mono: successfully reloaded assembly
- Completed reload, in  1.002 seconds
Domain Reload Profiling:
	ReloadAssembly (1003ms)
		BeginReloadAssembly (99ms)
			ExecutionOrderSort (0ms)
			DisableScriptedObjects (6ms)
			BackupInstance (0ms)
			ReleaseScriptingObjects (0ms)
			CreateAndSetChildDomain (33ms)
		EndReloadAssembly (841ms)
			LoadAssemblies (83ms)
			RebuildTransferFunctionScriptingTraits (0ms)
			SetupTypeCache (299ms)
			ReleaseScriptCaches (1ms)
			RebuildScriptCaches (47ms)
			SetupLoadedEditorAssemblies (305ms)
				LogAssemblyErrors (0ms)
				InitializePlatformSupportModulesInManaged (8ms)
				SetLoadedEditorAssemblies (1ms)
				RefreshPlugins (1ms)
				BeforeProcessingInitializeOnLoad (86ms)
				ProcessInitializeOnLoadAttributes (200ms)
				ProcessInitializeOnLoadMethodAttributes (5ms)
				AfterProcessingInitializeOnLoad (3ms)
				EditorAssembliesLoaded (0ms)
			ExecutionOrderSort2 (0ms)
			AwakeInstancesAfterBackupRestoration (7ms)
Platform modules already initialized, skipping
Refreshing native plugins compatible for Editor in 0.59 ms, found 3 plugins.
Preloading 0 native plugins for Editor in 0.00 ms.
Unloading 1750 Unused Serialized files (Serialized files now loaded: 0)
System memory in use before: 95.8 MB.
System memory in use after: 95.9 MB.

Unloading 13 unused Assets to reduce memory usage. Loaded Objects now: 2249.
Total: 4.511600 ms (FindLiveObjects: 0.439700 ms CreateObjectMapping: 0.109300 ms MarkObjects: 3.922000 ms  DeleteObjects: 0.038900 ms)

AssetImportParameters requested are different than current active one (requested -> active):
  custom:framework-win-MediaFoundation: 216162199b28c13a410421893ffa2e32 -> 
  custom:video-decoder-ogg-theora: a1e56fd34408186e4bbccfd4996cb3dc -> 
  custom:container-muxer-webm: aa71ff27fc2769a1b78a27578f13a17b -> 
  custom:container-demuxer-webm: 4f35f7cbe854078d1ac9338744f61a02 -> 
  custom:container-demuxer-ogg: 62fdf1f143b41e24485cea50d1cbac27 -> 
  custom:video-encoder-webm-vp8: eb34c28f22e8b96e1ab97ce403110664 -> 
  custom:video-codec-MediaFoundation-h265: 746d11721c4dcdbdad8f713fa42b33f4 -> 
  custom:video-decoder-webm-vp8: 9c59270c3fd7afecdb556c50c9e8de78 -> 
  custom:audio-decoder-ogg-vorbis: bf7c407c2cedff20999df2af8eb42d56 -> 
  custom:audio-encoder-webm-vorbis: bf7c407c2cedff20999df2af8eb42d56 -> 
========================================================================
Received Import Request.
  Time since last request: 54.354007 seconds.
  path: Assets/Materials/BonusBall.mat
  artifactKey: Guid(8bda3dc2c0be7410b858f955a0e9e3ff) Importer(815301076,1909f56bfc062723c751e8b465ee728b)
Start importing Assets/Materials/BonusBall.mat using Guid(8bda3dc2c0be7410b858f955a0e9e3ff) Importer(815301076,1909f56bfc062723c751e8b465ee728b)  -> (artifact id: 'ce93726feff062850971c9644d41c451') in 0.054767 seconds 
  Import took 0.058468 seconds .

========================================================================
Received Import Request.
  Time since last request: 0.000260 seconds.
  path: Assets/Materials/NormalBall.mat
  artifactKey: Guid(38bb47288606041eb97246c2319e8c47) Importer(815301076,1909f56bfc062723c751e8b465ee728b)
Start importing Assets/Materials/NormalBall.mat using Guid(38bb47288606041eb97246c2319e8c47) Importer(815301076,1909f56bfc062723c751e8b465ee728b)  -> (artifact id: 'f6b9a9608d002a5d9bbfdc207b60ebf0') in 0.010801 seconds 
  Import took 0.013652 seconds .

========================================================================
Received Import Request.
  Time since last request: 0.000295 seconds.
  path: Assets/Materials/New Material.mat
  artifactKey: Guid(417250bcb8dd74e0b8964319eaa11638) Importer(815301076,1909f56bfc062723c751e8b465ee728b)
Start importing Assets/Materials/New Material.mat using Guid(417250bcb8dd74e0b8964319eaa11638) Importer(815301076,1909f56bfc062723c751e8b465ee728b)  -> (artifact id: '86c9068deef96f5f5cdc46e78b954dee') in 0.013289 seconds 
  Import took 0.016493 seconds .

========================================================================
Received Import Request.
  Time since last request: 11.337142 seconds.
  path: Assets
  artifactKey: Guid(00000000000000001000000000000000) Importer(815301076,1909f56bfc062723c751e8b465ee728b)
Start importing Assets using Guid(00000000000000001000000000000000) Importer(815301076,1909f56bfc062723c751e8b465ee728b)  -> (artifact id: '42d402b061de3733987d63b9cc3b64de') in 0.005965 seconds 
  Import took 0.009503 seconds .

========================================================================
Received Import Request.
  Time since last request: 1.488775 seconds.
  path: Assets/Scenes
  artifactKey: Guid(481f72e60c1224a15a725c67f2ee4ad9) Importer(815301076,1909f56bfc062723c751e8b465ee728b)
Start importing Assets/Scenes using Guid(481f72e60c1224a15a725c67f2ee4ad9) Importer(815301076,1909f56bfc062723c751e8b465ee728b)  -> (artifact id: 'e12f9a5370ba1e8a5dfc4a2fa7af238b') in 0.006081 seconds 
  Import took 0.009437 seconds .

========================================================================
Received Import Request.
  Time since last request: 0.000612 seconds.
  path: Assets/Scenes
  artifactKey: Guid(481f72e60c1224a15a725c67f2ee4ad9) Importer(815301076,1909f56bfc062723c751e8b465ee728b)
Start importing Assets/Scenes using Guid(481f72e60c1224a15a725c67f2ee4ad9) Importer(815301076,1909f56bfc062723c751e8b465ee728b)  -> (artifact id: 'e12f9a5370ba1e8a5dfc4a2fa7af238b') in 0.001672 seconds 
  Import took 0.004795 seconds .

========================================================================
Received Import Request.
  Time since last request: 0.941757 seconds.
  path: Assets/Scenes/SampleScene.unity
  artifactKey: Guid(9fc0d4010bbf28b4594072e72b8655ab) Importer(815301076,1909f56bfc062723c751e8b465ee728b)
Start importing Assets/Scenes/SampleScene.unity using Guid(9fc0d4010bbf28b4594072e72b8655ab) Importer(815301076,1909f56bfc062723c751e8b465ee728b)  -> (artifact id: 'fc7905dccc315afc501b47c2e6d4fcb4') in 0.006277 seconds 
  Import took 0.009997 seconds .

========================================================================
Received Import Request.
  Time since last request: 0.000639 seconds.
  path: Assets/Scenes/SampleScene.unity
  artifactKey: Guid(9fc0d4010bbf28b4594072e72b8655ab) Importer(815301076,1909f56bfc062723c751e8b465ee728b)
Start importing Assets/Scenes/SampleScene.unity using Guid(9fc0d4010bbf28b4594072e72b8655ab) Importer(815301076,1909f56bfc062723c751e8b465ee728b)  -> (artifact id: 'fc7905dccc315afc501b47c2e6d4fcb4') in 0.001818 seconds 
  Import took 0.005797 seconds .

========================================================================
Received Prepare
Registering precompiled user dll's ...
Registered in 0.002423 seconds.
Begin MonoManager ReloadAssembly
Native extension for WindowsStandalone target not found
Refreshing native plugins compatible for Editor in 0.36 ms, found 3 plugins.
Preloading 0 native plugins for Editor in 0.00 ms.
Mono: successfully reloaded assembly
- Completed reload, in  0.970 seconds
Domain Reload Profiling:
	ReloadAssembly (970ms)
		BeginReloadAssembly (97ms)
			ExecutionOrderSort (0ms)
			DisableScriptedObjects (5ms)
			BackupInstance (0ms)
			ReleaseScriptingObjects (0ms)
			CreateAndSetChildDomain (32ms)
		EndReloadAssembly (817ms)
			LoadAssemblies (81ms)
			RebuildTransferFunctionScriptingTraits (0ms)
			SetupTypeCache (338ms)
			ReleaseScriptCaches (1ms)
			RebuildScriptCaches (46ms)
			SetupLoadedEditorAssemblies (259ms)
				LogAssemblyErrors (0ms)
				InitializePlatformSupportModulesInManaged (6ms)
				SetLoadedEditorAssemblies (1ms)
				RefreshPlugins (0ms)
				BeforeProcessingInitializeOnLoad (78ms)
				ProcessInitializeOnLoadAttributes (167ms)
				ProcessInitializeOnLoadMethodAttributes (4ms)
				AfterProcessingInitializeOnLoad (2ms)
				EditorAssembliesLoaded (0ms)
			ExecutionOrderSort2 (0ms)
			AwakeInstancesAfterBackupRestoration (7ms)
Platform modules already initialized, skipping
Refreshing native plugins compatible for Editor in 0.36 ms, found 3 plugins.
Preloading 0 native plugins for Editor in 0.00 ms.
Unloading 1750 Unused Serialized files (Serialized files now loaded: 0)
System memory in use before: 95.8 MB.
System memory in use after: 95.9 MB.

Unloading 13 unused Assets to reduce memory usage. Loaded Objects now: 2252.
Total: 3.050100 ms (FindLiveObjects: 0.145300 ms CreateObjectMapping: 0.054100 ms MarkObjects: 2.816800 ms  DeleteObjects: 0.033000 ms)

AssetImportParameters requested are different than current active one (requested -> active):
  custom:framework-win-MediaFoundation: 216162199b28c13a410421893ffa2e32 -> 
  custom:video-decoder-ogg-theora: a1e56fd34408186e4bbccfd4996cb3dc -> 
  custom:container-muxer-webm: aa71ff27fc2769a1b78a27578f13a17b -> 
  custom:container-demuxer-webm: 4f35f7cbe854078d1ac9338744f61a02 -> 
  custom:container-demuxer-ogg: 62fdf1f143b41e24485cea50d1cbac27 -> 
  custom:video-encoder-webm-vp8: eb34c28f22e8b96e1ab97ce403110664 -> 
  custom:video-codec-MediaFoundation-h265: 746d11721c4dcdbdad8f713fa42b33f4 -> 
  custom:video-decoder-webm-vp8: 9c59270c3fd7afecdb556c50c9e8de78 -> 
  custom:audio-decoder-ogg-vorbis: bf7c407c2cedff20999df2af8eb42d56 -> 
  custom:audio-encoder-webm-vorbis: bf7c407c2cedff20999df2af8eb42d56 -> 
